PyWPS [2017-10-27 15:10:39,983] DEBUG: Could not import magic module
PyWPS [2017-10-27 15:10:39,991] DEBUG: {'responseform': {'rawdataoutput': {}, 'responsedocument': {'status': True, 'storeexecuteresponse': True}}, 'service': 'wps', 'language': 'en-CA', 'request': 'execute', 'version': u'1.0.0', 'datainputs': [{'identifier': u'inputa', 'value': u'10'}, {'identifier': u'inputb', 'value': u'20'}, {'identifier': u'operator', 'value': u'add'}], 'identifier': [u'binaryoperatorfornumbers_10sec']}
PyWPS [2017-10-27 15:10:40,011] INFO: MapScript could not be loaded, mapserver not supported: No module named mapscript
PyWPS [2017-10-27 15:10:40,012] INFO: osgeo package could not be loaded, mapserver not supported: No module named osgeo
PyWPS [2017-10-27 15:10:40,019] INFO: Reading processes from directory [/src/pywps/pywps/processes/]
PyWPS [2017-10-27 15:10:40,022] INFO: Following processes are imported: ['binaryoperatorfornumbers_10sec']
PyWPS [2017-10-27 15:10:40,024] INFO: Status [processaccepted]: Process binaryoperatorfornumbers_10sec accepted
PyWPS [2017-10-27 15:10:40,024] DEBUG: Store and Status are both set to True, let's be async
PyWPS [2017-10-27 15:10:40,026] DEBUG: PickleFile: /data/adaguc-services-home//adaguc-services-tmp/state-pywps-fe6d2416-bb28-11e7-8e67-0242ac130002
PyWPS [2017-10-27 15:10:40,026] INFO: Spawning process to the background
PyWPS [2017-10-27 15:10:40,027] DEBUG: Nah, no mod_wsgi here. Move along
PyWPS [2017-10-27 15:10:40,152] INFO: This is parent process, end.
PyWPS [2017-10-27 15:10:40,238] INFO: Spawn process started, continuting to execute the process
PyWPS [2017-10-27 15:10:40,241] INFO: Reading processes from directory [/src/pywps/pywps/processes/]
PyWPS [2017-10-27 15:10:40,243] INFO: Following processes are imported: ['binaryoperatorfornumbers_10sec']
PyWPS [2017-10-27 15:10:40,246] INFO: Status [processpaused]: Getting input inputa of process binaryoperatorfornumbers_10sec
PyWPS [2017-10-27 15:10:40,248] INFO: Status [processpaused]: Getting input inputb of process binaryoperatorfornumbers_10sec
PyWPS [2017-10-27 15:10:40,249] INFO: Status [processpaused]: Getting input operator of process binaryoperatorfornumbers_10sec
PyWPS [2017-10-27 15:10:40,255] INFO: Status [processstarted][0.0]: Process binaryoperatorfornumbers_10sec started
PyWPS [2017-10-27 15:10:40,257] INFO: Status [processstarted][0.0]: processstarted Preparing....
PyWPS [2017-10-27 15:10:41,261] INFO: Status [processstarted][0.0]: processstarted Thinking.....
PyWPS [2017-10-27 15:10:42,265] INFO: Status [processstarted][10.0]: processstarted Thinking.....
PyWPS [2017-10-27 15:10:43,269] INFO: Status [processstarted][20.0]: processstarted Thinking.....
PyWPS [2017-10-27 15:10:44,274] INFO: Status [processstarted][30.0]: processstarted Thinking.....
PyWPS [2017-10-27 15:10:45,278] INFO: Status [processstarted][40.0]: processstarted Thinking.....
PyWPS [2017-10-27 15:10:46,282] INFO: Status [processstarted][50.0]: processstarted Thinking.....
PyWPS [2017-10-27 15:10:47,285] INFO: Status [processstarted][60.0]: processstarted Thinking.....
PyWPS [2017-10-27 15:10:48,288] INFO: Status [processstarted][70.0]: processstarted Thinking.....
PyWPS [2017-10-27 15:10:49,292] INFO: Status [processstarted][80.0]: processstarted Thinking.....
PyWPS [2017-10-27 15:10:50,297] INFO: Status [processstarted][90.0]: processstarted Thinking.....
PyWPS [2017-10-27 15:10:50,300] INFO: Status [processsucceeded]: PyWPS Process binaryoperatorfornumbers_10sec successfully calculated
PyWPS [2017-10-27 15:13:51,564] DEBUG: Could not import magic module
PyWPS [2017-10-27 15:13:51,572] DEBUG: {'responseform': {'rawdataoutput': {}, 'responsedocument': {'status': True, 'storeexecuteresponse': True}}, 'service': 'wps', 'language': 'en-CA', 'request': 'execute', 'version': u'1.0.0', 'datainputs': [{'identifier': u'inputa', 'value': u'10'}, {'identifier': u'inputb', 'value': u'20'}, {'identifier': u'operator', 'value': u'add'}], 'identifier': [u'binaryoperatorfornumbers_10sec']}
PyWPS [2017-10-27 15:13:51,590] INFO: MapScript could not be loaded, mapserver not supported: No module named mapscript
PyWPS [2017-10-27 15:13:51,590] INFO: osgeo package could not be loaded, mapserver not supported: No module named osgeo
PyWPS [2017-10-27 15:13:51,597] INFO: Reading processes from directory [/src/pywps/pywps/processes/]
PyWPS [2017-10-27 15:13:51,599] INFO: Following processes are imported: ['binaryoperatorfornumbers_10sec']
PyWPS [2017-10-27 15:13:51,600] INFO: Status [processaccepted]: Process binaryoperatorfornumbers_10sec accepted
PyWPS [2017-10-27 15:13:51,600] DEBUG: Store and Status are both set to True, let's be async
PyWPS [2017-10-27 15:13:51,602] DEBUG: PickleFile: /data/adaguc-services-home//adaguc-services-tmp/state-pywps-709e2ab2-bb29-11e7-81a7-0242ac130003
PyWPS [2017-10-27 15:13:51,602] INFO: Spawning process to the background
PyWPS [2017-10-27 15:13:51,602] DEBUG: Nah, no mod_wsgi here. Move along
PyWPS [2017-10-27 15:13:51,729] INFO: This is parent process, end.
PyWPS [2017-10-27 15:13:51,813] INFO: Spawn process started, continuting to execute the process
PyWPS [2017-10-27 15:13:51,816] INFO: Reading processes from directory [/src/pywps/pywps/processes/]
PyWPS [2017-10-27 15:13:51,817] INFO: Following processes are imported: ['binaryoperatorfornumbers_10sec']
PyWPS [2017-10-27 15:13:51,824] INFO: Status [processpaused]: Getting input inputa of process binaryoperatorfornumbers_10sec
PyWPS [2017-10-27 15:13:51,825] INFO: Status [processpaused]: Getting input inputb of process binaryoperatorfornumbers_10sec
PyWPS [2017-10-27 15:13:51,826] INFO: Status [processpaused]: Getting input operator of process binaryoperatorfornumbers_10sec
PyWPS [2017-10-27 15:13:51,827] INFO: Status [processstarted][0.0]: Process binaryoperatorfornumbers_10sec started
PyWPS [2017-10-27 15:13:51,829] INFO: Status [processstarted][0.0]: processstarted Preparing....
PyWPS [2017-10-27 15:13:52,832] INFO: Status [processstarted][0.0]: processstarted Thinking.....
PyWPS [2017-10-27 15:13:53,834] INFO: Status [processstarted][10.0]: processstarted Thinking.....
PyWPS [2017-10-27 15:13:54,837] INFO: Status [processstarted][20.0]: processstarted Thinking.....
PyWPS [2017-10-27 15:13:55,842] INFO: Status [processstarted][30.0]: processstarted Thinking.....
PyWPS [2017-10-27 15:13:56,845] INFO: Status [processstarted][40.0]: processstarted Thinking.....
PyWPS [2017-10-27 15:13:57,848] INFO: Status [processstarted][50.0]: processstarted Thinking.....
PyWPS [2017-10-27 15:13:58,853] INFO: Status [processstarted][60.0]: processstarted Thinking.....
PyWPS [2017-10-27 15:13:59,858] INFO: Status [processstarted][70.0]: processstarted Thinking.....
PyWPS [2017-10-27 15:14:00,860] INFO: Status [processstarted][80.0]: processstarted Thinking.....
PyWPS [2017-10-27 15:14:01,868] INFO: Status [processstarted][90.0]: processstarted Thinking.....
PyWPS [2017-10-27 15:14:01,871] INFO: Status [processsucceeded]: PyWPS Process binaryoperatorfornumbers_10sec successfully calculated
PyWPS [2017-10-27 15:18:07,668] DEBUG: Could not import magic module
PyWPS [2017-10-27 15:18:07,671] DEBUG: {'responseform': {'rawdataoutput': {}, 'responsedocument': {'status': True, 'storeexecuteresponse': True}}, 'service': 'wps', 'language': 'en-CA', 'request': 'execute', 'version': u'1.0.0', 'datainputs': [{'identifier': u'inputa', 'value': u'10'}, {'identifier': u'inputb', 'value': u'20'}, {'identifier': u'operator', 'value': u'add'}], 'identifier': [u'binaryoperatorfornumbers_10sec']}
PyWPS [2017-10-27 15:18:07,675] INFO: MapScript could not be loaded, mapserver not supported: No module named mapscript
PyWPS [2017-10-27 15:18:07,675] INFO: osgeo package could not be loaded, mapserver not supported: No module named osgeo
PyWPS [2017-10-27 15:18:07,678] INFO: Reading processes from directory [/src/pywps/pywps/processes/]
PyWPS [2017-10-27 15:18:07,678] INFO: Following processes are imported: ['binaryoperatorfornumbers_10sec']
PyWPS [2017-10-27 15:18:07,680] INFO: Status [processaccepted]: Process binaryoperatorfornumbers_10sec accepted
PyWPS [2017-10-27 15:18:07,680] DEBUG: Store and Status are both set to True, let's be async
PyWPS [2017-10-27 15:18:07,681] DEBUG: PickleFile: /data/adaguc-services-home//adaguc-services-tmp/state-pywps-0945b802-bb2a-11e7-9e26-0242ac130003
PyWPS [2017-10-27 15:18:07,682] INFO: Spawning process to the background
PyWPS [2017-10-27 15:18:07,682] DEBUG: Nah, no mod_wsgi here. Move along
PyWPS [2017-10-27 15:18:07,813] INFO: This is parent process, end.
PyWPS [2017-10-27 15:18:07,892] INFO: Spawn process started, continuting to execute the process
PyWPS [2017-10-27 15:18:07,895] INFO: Reading processes from directory [/src/pywps/pywps/processes/]
PyWPS [2017-10-27 15:18:07,896] INFO: Following processes are imported: ['binaryoperatorfornumbers_10sec']
PyWPS [2017-10-27 15:18:07,901] INFO: Status [processpaused]: Getting input inputa of process binaryoperatorfornumbers_10sec
PyWPS [2017-10-27 15:18:07,903] INFO: Status [processpaused]: Getting input inputb of process binaryoperatorfornumbers_10sec
PyWPS [2017-10-27 15:18:07,905] INFO: Status [processpaused]: Getting input operator of process binaryoperatorfornumbers_10sec
PyWPS [2017-10-27 15:18:07,906] INFO: Status [processstarted][0.0]: Process binaryoperatorfornumbers_10sec started
PyWPS [2017-10-27 15:18:07,907] INFO: Status [processstarted][0.0]: processstarted Preparing....
PyWPS [2017-10-27 15:18:08,910] INFO: Status [processstarted][0.0]: processstarted Thinking.....
PyWPS [2017-10-27 15:18:09,916] INFO: Status [processstarted][10.0]: processstarted Thinking.....
PyWPS [2017-10-27 15:18:10,928] INFO: Status [processstarted][20.0]: processstarted Thinking.....
PyWPS [2017-10-27 15:18:11,934] INFO: Status [processstarted][30.0]: processstarted Thinking.....
PyWPS [2017-10-27 15:18:12,938] INFO: Status [processstarted][40.0]: processstarted Thinking.....
PyWPS [2017-10-27 15:18:13,949] INFO: Status [processstarted][50.0]: processstarted Thinking.....
PyWPS [2017-10-27 15:18:14,952] INFO: Status [processstarted][60.0]: processstarted Thinking.....
PyWPS [2017-10-27 15:18:15,954] INFO: Status [processstarted][70.0]: processstarted Thinking.....
PyWPS [2017-10-27 15:18:16,958] INFO: Status [processstarted][80.0]: processstarted Thinking.....
PyWPS [2017-10-27 15:18:17,963] INFO: Status [processstarted][90.0]: processstarted Thinking.....
PyWPS [2017-10-27 15:18:17,967] INFO: Status [processsucceeded]: PyWPS Process binaryoperatorfornumbers_10sec successfully calculated
PyWPS [2017-10-27 15:20:55,861] DEBUG: Could not import magic module
PyWPS [2017-10-27 15:20:55,875] DEBUG: {'responseform': {'rawdataoutput': {}, 'responsedocument': {'status': True, 'storeexecuteresponse': True}}, 'service': 'wps', 'language': 'en-CA', 'request': 'execute', 'version': u'1.0.0', 'datainputs': [{'identifier': u'inputa', 'value': u'10'}, {'identifier': u'inputb', 'value': u'20'}, {'identifier': u'operator', 'value': u'add'}], 'identifier': [u'binaryoperatorfornumbers_10sec']}
PyWPS [2017-10-27 15:20:55,892] INFO: MapScript could not be loaded, mapserver not supported: No module named mapscript
PyWPS [2017-10-27 15:20:55,893] INFO: osgeo package could not be loaded, mapserver not supported: No module named osgeo
PyWPS [2017-10-27 15:20:55,899] INFO: Reading processes from directory [/src/pywps/pywps/processes/]
PyWPS [2017-10-27 15:20:55,901] INFO: Following processes are imported: ['binaryoperatorfornumbers_10sec']
PyWPS [2017-10-27 15:20:55,902] INFO: Status [processaccepted]: Process binaryoperatorfornumbers_10sec accepted
PyWPS [2017-10-27 15:20:55,902] DEBUG: Store and Status are both set to True, let's be async
PyWPS [2017-10-27 15:20:55,904] DEBUG: PickleFile: /data/adaguc-services-home//adaguc-services-tmp/state-pywps-6d833452-bb2a-11e7-9ace-0242ac130003
PyWPS [2017-10-27 15:20:55,904] INFO: Spawning process to the background
PyWPS [2017-10-27 15:20:55,905] DEBUG: Nah, no mod_wsgi here. Move along
PyWPS [2017-10-27 15:20:56,022] INFO: This is parent process, end.
PyWPS [2017-10-27 15:20:56,096] INFO: Spawn process started, continuting to execute the process
PyWPS [2017-10-27 15:20:56,099] INFO: Reading processes from directory [/src/pywps/pywps/processes/]
PyWPS [2017-10-27 15:20:56,099] INFO: Following processes are imported: ['binaryoperatorfornumbers_10sec']
PyWPS [2017-10-27 15:20:56,102] INFO: Status [processpaused]: Getting input inputa of process binaryoperatorfornumbers_10sec
PyWPS [2017-10-27 15:20:56,103] INFO: Status [processpaused]: Getting input inputb of process binaryoperatorfornumbers_10sec
PyWPS [2017-10-27 15:20:56,104] INFO: Status [processpaused]: Getting input operator of process binaryoperatorfornumbers_10sec
PyWPS [2017-10-27 15:20:56,105] INFO: Status [processstarted][0.0]: Process binaryoperatorfornumbers_10sec started
PyWPS [2017-10-27 15:20:56,108] INFO: Status [processstarted][0.0]: processstarted Preparing....
PyWPS [2017-10-27 15:20:57,109] INFO: Status [processstarted][0.0]: processstarted Thinking.....
PyWPS [2017-10-27 15:20:58,112] INFO: Status [processstarted][10.0]: processstarted Thinking.....
PyWPS [2017-10-27 15:20:59,114] INFO: Status [processstarted][20.0]: processstarted Thinking.....
PyWPS [2017-10-27 15:21:00,117] INFO: Status [processstarted][30.0]: processstarted Thinking.....
PyWPS [2017-10-27 15:21:01,121] INFO: Status [processstarted][40.0]: processstarted Thinking.....
PyWPS [2017-10-27 15:21:02,125] INFO: Status [processstarted][50.0]: processstarted Thinking.....
PyWPS [2017-10-27 15:21:03,128] INFO: Status [processstarted][60.0]: processstarted Thinking.....
PyWPS [2017-10-27 15:21:04,132] INFO: Status [processstarted][70.0]: processstarted Thinking.....
PyWPS [2017-10-27 15:21:05,135] INFO: Status [processstarted][80.0]: processstarted Thinking.....
PyWPS [2017-10-27 15:21:06,138] INFO: Status [processstarted][90.0]: processstarted Thinking.....
PyWPS [2017-10-27 15:21:06,139] INFO: Status [processsucceeded]: PyWPS Process binaryoperatorfornumbers_10sec successfully calculated
PyWPS [2017-10-27 15:21:16,679] DEBUG: Could not import magic module
PyWPS [2017-10-27 15:21:16,681] DEBUG: {'responseform': {'rawdataoutput': {}, 'responsedocument': {'status': True, 'storeexecuteresponse': True}}, 'service': 'wps', 'language': 'en-CA', 'request': 'execute', 'version': u'1.0.0', 'datainputs': [{'identifier': u'inputa', 'value': u'10'}, {'identifier': u'inputb', 'value': u'20'}, {'identifier': u'operator', 'value': u'add'}], 'identifier': [u'binaryoperatorfornumbers_10sec']}
PyWPS [2017-10-27 15:21:16,685] INFO: MapScript could not be loaded, mapserver not supported: No module named mapscript
PyWPS [2017-10-27 15:21:16,686] INFO: osgeo package could not be loaded, mapserver not supported: No module named osgeo
PyWPS [2017-10-27 15:21:16,688] INFO: Reading processes from directory [/src/pywps/pywps/processes/]
PyWPS [2017-10-27 15:21:16,688] INFO: Following processes are imported: ['binaryoperatorfornumbers_10sec']
PyWPS [2017-10-27 15:21:16,690] INFO: Status [processaccepted]: Process binaryoperatorfornumbers_10sec accepted
PyWPS [2017-10-27 15:21:16,690] DEBUG: Store and Status are both set to True, let's be async
PyWPS [2017-10-27 15:21:16,691] DEBUG: PickleFile: /data/adaguc-services-home//adaguc-services-tmp/state-pywps-79ee7922-bb2a-11e7-8ef3-0242ac130003
PyWPS [2017-10-27 15:21:16,691] INFO: Spawning process to the background
PyWPS [2017-10-27 15:21:16,691] DEBUG: Nah, no mod_wsgi here. Move along
PyWPS [2017-10-27 15:21:16,817] INFO: This is parent process, end.
PyWPS [2017-10-27 15:21:16,904] INFO: Spawn process started, continuting to execute the process
PyWPS [2017-10-27 15:21:16,907] INFO: Reading processes from directory [/src/pywps/pywps/processes/]
PyWPS [2017-10-27 15:21:16,908] INFO: Following processes are imported: ['binaryoperatorfornumbers_10sec']
PyWPS [2017-10-27 15:21:16,917] INFO: Status [processpaused]: Getting input inputa of process binaryoperatorfornumbers_10sec
PyWPS [2017-10-27 15:21:16,918] INFO: Status [processpaused]: Getting input inputb of process binaryoperatorfornumbers_10sec
PyWPS [2017-10-27 15:21:16,920] INFO: Status [processpaused]: Getting input operator of process binaryoperatorfornumbers_10sec
PyWPS [2017-10-27 15:21:16,921] INFO: Status [processstarted][0.0]: Process binaryoperatorfornumbers_10sec started
PyWPS [2017-10-27 15:21:16,922] INFO: Status [processstarted][0.0]: processstarted Preparing....
PyWPS [2017-10-27 15:21:17,926] INFO: Status [processstarted][0.0]: processstarted Thinking.....
PyWPS [2017-10-27 15:21:18,929] INFO: Status [processstarted][10.0]: processstarted Thinking.....
PyWPS [2017-10-27 15:21:19,931] INFO: Status [processstarted][20.0]: processstarted Thinking.....
PyWPS [2017-10-27 15:21:20,935] INFO: Status [processstarted][30.0]: processstarted Thinking.....
PyWPS [2017-10-27 15:21:21,938] INFO: Status [processstarted][40.0]: processstarted Thinking.....
PyWPS [2017-10-27 15:21:22,943] INFO: Status [processstarted][50.0]: processstarted Thinking.....
PyWPS [2017-10-27 15:21:23,947] INFO: Status [processstarted][60.0]: processstarted Thinking.....
PyWPS [2017-10-27 15:21:24,951] INFO: Status [processstarted][70.0]: processstarted Thinking.....
PyWPS [2017-10-27 15:21:25,956] INFO: Status [processstarted][80.0]: processstarted Thinking.....
PyWPS [2017-10-27 15:21:26,958] INFO: Status [processstarted][90.0]: processstarted Thinking.....
PyWPS [2017-10-27 15:21:26,959] INFO: Status [processsucceeded]: PyWPS Process binaryoperatorfornumbers_10sec successfully calculated
